<?xml version="1.0" encoding="UTF-8"?>
<testsuite xmlns:xsi="http://www.w3.org/2001/XMLSchema-instance" xsi:noNamespaceSchemaLocation="https://maven.apache.org/surefire/maven-surefire-plugin/xsd/surefire-test-report-3.0.xsd" version="3.0" name="com.alura.forum.ForumApplicationTests" time="4.979" tests="1" errors="0" skipped="0" failures="0">
  <properties>
[...]
</properties>
  <testcase name="contextLoads" classname="com.alura.forum.ForumApplicationTests" time="0.36">
    <system-out><![CDATA[18:55:00.634 [main] INFO org.springframework.test.context.support.AnnotationConfigContextLoaderUtils -- Could not detect default configuration classes for test class [com.alura.forum.ForumApplicationTests]: ForumApplicationTests does not declare any static, non-private, non-final, nested classes annotated with @Configuration.
18:55:00.728 [main] INFO org.springframework.boot.test.context.SpringBootTestContextBootstrapper -- Found @SpringBootConfiguration com.alura.forum.ForumApplication for test class com.alura.forum.ForumApplicationTests

  .   ____          _            __ _ _
 /\\ / ___'_ __ _ _(_)_ __  __ _ \ \ \ \
( ( )\___ | '_ | '_| | '_ \/ _` | \ \ \ \
 \\/  ___)| |_)| | | | | || (_| |  ) ) ) )
  '  |____| .__|_| |_|_| |_\__, | / / / /
 =========|_|==============|___/=/_/_/_/
 :: Spring Boot ::                (v3.1.4)

2023-09-24T18:55:01.080-03:00  INFO 8380 --- [           main] com.alura.forum.ForumApplicationTests    : Starting ForumApplicationTests using Java 21 with PID 8380 (started by Igor in C:\Users\Igor\Desktop\Forum-Alura)
2023-09-24T18:55:01.080-03:00  INFO 8380 --- [           main] com.alura.forum.ForumApplicationTests    : No active profile set, falling back to 1 default profile: "default"
2023-09-24T18:55:01.714-03:00  INFO 8380 --- [           main] .s.d.r.c.RepositoryConfigurationDelegate : Bootstrapping Spring Data JPA repositories in DEFAULT mode.
2023-09-24T18:55:01.761-03:00  INFO 8380 --- [           main] .s.d.r.c.RepositoryConfigurationDelegate : Finished Spring Data repository scanning in 40 ms. Found 2 JPA repository interfaces.
2023-09-24T18:55:02.167-03:00  INFO 8380 --- [           main] o.f.c.internal.license.VersionPrinter    : Flyway Community Edition 9.16.3 by Redgate
2023-09-24T18:55:02.167-03:00  INFO 8380 --- [           main] o.f.c.internal.license.VersionPrinter    : See release notes here: https://rd.gt/416ObMi
2023-09-24T18:55:02.167-03:00  INFO 8380 --- [           main] o.f.c.internal.license.VersionPrinter    : 
2023-09-24T18:55:02.183-03:00  INFO 8380 --- [           main] com.zaxxer.hikari.HikariDataSource       : HikariPool-1 - Starting...
2023-09-24T18:55:02.589-03:00  INFO 8380 --- [           main] com.zaxxer.hikari.pool.HikariPool        : HikariPool-1 - Added connection com.mysql.cj.jdbc.ConnectionImpl@4b93dd6a
2023-09-24T18:55:02.589-03:00  INFO 8380 --- [           main] com.zaxxer.hikari.HikariDataSource       : HikariPool-1 - Start completed.
2023-09-24T18:55:02.621-03:00  INFO 8380 --- [           main] o.f.c.i.database.base.BaseDatabaseType   : Database: jdbc:mysql://localhost/forum (MySQL 8.0)
2023-09-24T18:55:02.683-03:00  INFO 8380 --- [           main] o.f.core.internal.command.DbValidate     : Successfully validated 3 migrations (execution time 00:00.028s)
2023-09-24T18:55:02.699-03:00  INFO 8380 --- [           main] o.f.core.internal.command.DbMigrate      : Current version of schema `forum`: 3
2023-09-24T18:55:02.699-03:00  INFO 8380 --- [           main] o.f.core.internal.command.DbMigrate      : Schema `forum` is up to date. No migration necessary.
2023-09-24T18:55:02.777-03:00  INFO 8380 --- [           main] o.hibernate.jpa.internal.util.LogHelper  : HHH000204: Processing PersistenceUnitInfo [name: default]
2023-09-24T18:55:02.855-03:00  INFO 8380 --- [           main] org.hibernate.Version                    : HHH000412: Hibernate ORM core version 6.2.9.Final
2023-09-24T18:55:02.855-03:00  INFO 8380 --- [           main] org.hibernate.cfg.Environment            : HHH000406: Using bytecode reflection optimizer
2023-09-24T18:55:02.987-03:00  INFO 8380 --- [           main] o.h.b.i.BytecodeProviderInitiator        : HHH000021: Bytecode provider name : bytebuddy
2023-09-24T18:55:03.097-03:00  INFO 8380 --- [           main] o.s.o.j.p.SpringPersistenceUnitInfo      : No LoadTimeWeaver setup: ignoring JPA class transformer
2023-09-24T18:55:03.300-03:00  INFO 8380 --- [           main] o.h.b.i.BytecodeProviderInitiator        : HHH000021: Bytecode provider name : bytebuddy
2023-09-24T18:55:03.816-03:00  INFO 8380 --- [           main] o.h.e.t.j.p.i.JtaPlatformInitiator       : HHH000490: Using JtaPlatform implementation: [org.hibernate.engine.transaction.jta.platform.internal.NoJtaPlatform]
2023-09-24T18:55:03.816-03:00  INFO 8380 --- [           main] j.LocalContainerEntityManagerFactoryBean : Initialized JPA EntityManagerFactory for persistence unit 'default'
2023-09-24T18:55:04.159-03:00  INFO 8380 --- [           main] o.s.d.j.r.query.QueryEnhancerFactory     : Hibernate is in classpath; If applicable, HQL parser will be used.
2023-09-24T18:55:04.565-03:00  WARN 8380 --- [           main] JpaBaseConfiguration$JpaWebConfiguration : spring.jpa.open-in-view is enabled by default. Therefore, database queries may be performed during view rendering. Explicitly configure spring.jpa.open-in-view to disable this warning
2023-09-24T18:55:04.644-03:00  INFO 8380 --- [           main] o.s.s.web.DefaultSecurityFilterChain     : Will secure any request with [org.springframework.security.web.session.DisableEncodeUrlFilter@24c4370a, org.springframework.security.web.context.request.async.WebAsyncManagerIntegrationFilter@1b6daf20, org.springframework.security.web.context.SecurityContextHolderFilter@3f1b4a14, org.springframework.security.web.header.HeaderWriterFilter@45295bed, org.springframework.security.web.authentication.logout.LogoutFilter@ab5e63, com.alura.forum.infra.security.SecurityFilter@659e003e, org.springframework.security.web.savedrequest.RequestCacheAwareFilter@2a12048d, org.springframework.security.web.servletapi.SecurityContextHolderAwareRequestFilter@1d2b49b2, org.springframework.security.web.authentication.AnonymousAuthenticationFilter@41a3656f, org.springframework.security.web.session.SessionManagementFilter@38c840fb, org.springframework.security.web.access.ExceptionTranslationFilter@6ecf239d, org.springframework.security.web.access.intercept.AuthorizationFilter@1c7da28]
2023-09-24T18:55:05.081-03:00  INFO 8380 --- [           main] com.alura.forum.ForumApplicationTests    : Started ForumApplicationTests in 4.23 seconds (process running for 4.991)
]]></system-out>
    <system-err><![CDATA[WARNING: A Java agent has been loaded dynamically (C:\Users\Igor\.m2\repository\net\bytebuddy\byte-buddy-agent\1.14.8\byte-buddy-agent-1.14.8.jar)
WARNING: If a serviceability tool is in use, please run with -XX:+EnableDynamicAgentLoading to hide this warning
WARNING: If a serviceability tool is not in use, please run with -Djdk.instrument.traceUsage for more information
WARNING: Dynamic loading of agents will be disallowed by default in a future release
]]></system-err>
  </testcase>
</testsuite>